<?xml version="1.0" encoding="UTF-8"?>
<testsuite xmlns:xsi="http://www.w3.org/2001/XMLSchema-instance" xsi:noNamespaceSchemaLocation="https://maven.apache.org/surefire/maven-surefire-plugin/xsd/surefire-test-report-3.0.xsd" version="3.0" name="com.poc.timeservice.TimeServiceApplicationTests" time="2.654" tests="2" errors="0" skipped="0" failures="0">
  <properties>
[...]
</properties>
  <testcase name="timeEndpointReturnsCurrentTime" classname="com.poc.timeservice.TimeServiceApplicationTests" time="0.849">
    <system-out><![CDATA[21:42:55.621 [main] INFO org.springframework.test.context.support.AnnotationConfigContextLoaderUtils -- Could not detect default configuration classes for test class [com.poc.timeservice.TimeServiceApplicationTests]: TimeServiceApplicationTests does not declare any static, non-private, non-final, nested classes annotated with @Configuration.
21:42:55.722 [main] INFO org.springframework.boot.test.context.SpringBootTestContextBootstrapper -- Found @SpringBootConfiguration com.poc.timeservice.TimeServiceApplication for test class com.poc.timeservice.TimeServiceApplicationTests

  .   ____          _            __ _ _
 /\\ / ___'_ __ _ _(_)_ __  __ _ \ \ \ \
( ( )\___ | '_ | '_| | '_ \/ _` | \ \ \ \
 \\/  ___)| |_)| | | | | || (_| |  ) ) ) )
  '  |____| .__|_| |_|_| |_\__, | / / / /
 =========|_|==============|___/=/_/_/_/
 :: Spring Boot ::                (v3.2.3)

2026-02-24T21:42:56.120-05:00  INFO 19436 --- [time-service] [           main] c.p.t.TimeServiceApplicationTests        : Starting TimeServiceApplicationTests using Java 21.0.6 with PID 19436 (started by jvillanesc in C:\Users\jvillanesc\OneDrive\Documentos\TI\POC)
2026-02-24T21:42:56.122-05:00  INFO 19436 --- [time-service] [           main] c.p.t.TimeServiceApplicationTests        : No active profile set, falling back to 1 default profile: "default"
2026-02-24T21:42:57.206-05:00  INFO 19436 --- [time-service] [           main] o.s.b.t.m.w.SpringBootMockServletContext : Initializing Spring TestDispatcherServlet ''
2026-02-24T21:42:57.206-05:00  INFO 19436 --- [time-service] [           main] o.s.t.web.servlet.TestDispatcherServlet  : Initializing Servlet ''
2026-02-24T21:42:57.207-05:00  INFO 19436 --- [time-service] [           main] o.s.t.web.servlet.TestDispatcherServlet  : Completed initialization in 1 ms
2026-02-24T21:42:57.228-05:00  INFO 19436 --- [time-service] [           main] c.p.t.TimeServiceApplicationTests        : Started TimeServiceApplicationTests in 1.355 seconds (process running for 2.255)
]]></system-out>
    <system-err><![CDATA[WARNING: A Java agent has been loaded dynamically (C:\Users\jvillanesc\.m2\repository\net\bytebuddy\byte-buddy-agent\1.14.12\byte-buddy-agent-1.14.12.jar)
WARNING: If a serviceability tool is in use, please run with -XX:+EnableDynamicAgentLoading to hide this warning
WARNING: If a serviceability tool is not in use, please run with -Djdk.instrument.traceUsage for more information
WARNING: Dynamic loading of agents will be disallowed by default in a future release
]]></system-err>
  </testcase>
  <testcase name="contextLoads" classname="com.poc.timeservice.TimeServiceApplicationTests" time="0.002"/>
</testsuite>